<?xml version="1.0" encoding="UTF-8"?>
<testng-results ignored="0" total="1" passed="1" failed="0" skipped="0">
  <reporter-output>
    <line>
      <![CDATA[creatCustomer]]>
    </line>
  </reporter-output>
  <suite started-at="2024-01-05T12:55:57 IST" name="Suite" finished-at="2024-01-05T12:55:57 IST" duration-ms="191">
    <groups>
    </groups>
    <test started-at="2024-01-05T12:55:57 IST" name="Test" finished-at="2024-01-05T12:55:57 IST" duration-ms="191">
      <class name="com.actitime.TestScripts.CreateCustomerModule">
        <test-method signature="CreatCustomer()[pri:0, instance:com.actitime.TestScripts.CreateCustomerModule@2d52216b]" started-at="2024-01-05T12:55:57 IST" name="CreatCustomer" finished-at="2024-01-05T12:55:57 IST" duration-ms="36" status="PASS">
          <reporter-output>
            <line>
              <![CDATA[creatCustomer]]>
            </line>
          </reporter-output>
        </test-method> <!-- CreatCustomer -->
      </class> <!-- com.actitime.TestScripts.CreateCustomerModule -->
    </test> <!-- Test -->
  </suite> <!-- Suite -->
</testng-results>
